<?xml version="1.0" encoding="UTF-8"?>
<!-- Generated by org.testng.reporters.JUnitReportReporter -->
<testsuite hostname="pe-achang" name="fwkTests.EmployeeTests" tests="3" failures="0" timestamp="19 Apr 2016 22:21:51 GMT" time="10.141" errors="0">
  <testcase name="deleteEmployee" time="3.125" classname="fwkTests.EmployeeTests"/>
  <testcase name="identifiyingEmployee" time="1.317" classname="fwkTests.EmployeeTests"/>
  <testcase name="createNewEmployee" time="5.699" classname="fwkTests.EmployeeTests"/>
</testsuite> <!-- fwkTests.EmployeeTests -->
