<?xml version="1.0" encoding="UTF-8"?>
<!-- Generated by org.testng.reporters.JUnitReportReporter -->
<testsuite hostname="pe-achang" name="fwkTests.LoginTest" tests="1" failures="0" timestamp="23 Feb 2016 21:20:04 GMT" time="1.693" errors="0">
  <testcase name="testSignInUser" time="1.693" classname="fwkTests.LoginTest"/>
</testsuite> <!-- fwkTests.LoginTest -->
