<?xml version="1.0" encoding="UTF-8"?>
<!-- Generated by org.testng.reporters.JUnitReportReporter -->
<testsuite hostname="pe-achang" name="fwkTests.LoginTest" tests="1" failures="0" timestamp="19 Apr 2016 22:21:51 GMT" time="2.580" errors="0">
  <testcase name="testSignInUser" time="2.580" classname="fwkTests.LoginTest"/>
</testsuite> <!-- fwkTests.LoginTest -->
