<?xml version="1.0" encoding="UTF-8"?>
<!-- Generated by org.testng.reporters.JUnitReportReporter -->
<testsuite hostname="Andres-PC" name="fwkTests.LoginTest" tests="1" failures="0" timestamp="22 Feb 2016 04:01:28 GMT" time="1.791" errors="0">
  <testcase name="testSignInUser" time="1.791" classname="fwkTests.LoginTest"/>
</testsuite> <!-- fwkTests.LoginTest -->
