<?xml version="1.0" encoding="UTF-8"?>
<!-- Generated by org.testng.reporters.JUnitReportReporter -->
<testsuite hostname="pe-achang" name="fwkTests.EmployeeTests" tests="3" failures="0" timestamp="23 Feb 2016 23:39:15 GMT" time="7.711" errors="0">
  <testcase name="deleteEmployee" time="2.763" classname="fwkTests.EmployeeTests"/>
  <testcase name="identifiyingEmployee" time="1.209" classname="fwkTests.EmployeeTests"/>
  <testcase name="createNewEmployee" time="3.739" classname="fwkTests.EmployeeTests"/>
</testsuite> <!-- fwkTests.EmployeeTests -->
