<?xml version="1.0" encoding="UTF-8"?>
<!-- Generated by org.testng.reporters.JUnitReportReporter -->
<testsuite hostname="pe-achang" name="fwkTests.LoginTest" tests="1" failures="0" timestamp="23 Feb 2016 23:39:15 GMT" time="1.923" errors="0">
  <testcase name="testSignInUser" time="1.923" classname="fwkTests.LoginTest"/>
</testsuite> <!-- fwkTests.LoginTest -->
