<?xml version="1.0" encoding="UTF-8"?>
<!-- Generated by org.testng.reporters.JUnitReportReporter -->
<testsuite hostname="pe-achang" name="fwkTests.CreateEmployeeTest" tests="1" failures="0" timestamp="23 Feb 2016 16:42:28 GMT" time="2.509" errors="0">
  <testcase name="createNewEmployee" time="2.509" classname="fwkTests.CreateEmployeeTest"/>
</testsuite> <!-- fwkTests.CreateEmployeeTest -->
