<?xml version="1.0" encoding="UTF-8"?>
<!-- Generated by org.testng.reporters.JUnitReportReporter -->
<testsuite hostname="pe-achang" name="fwkTests.EmployeeTests" tests="2" failures="0" timestamp="23 Feb 2016 21:20:04 GMT" time="4.397" errors="0">
  <testcase name="createNewEmployee" time="3.745" classname="fwkTests.EmployeeTests"/>
  <testcase name="deleteEmployee" time="0.652" classname="fwkTests.EmployeeTests"/>
</testsuite> <!-- fwkTests.EmployeeTests -->
